0 info it worked if it ends with ok
1 verbose cli [ 'node', '/usr/local/bin/npm', 'help', 'folders' ]
2 info using npm@2.1.3
3 info using node@v0.11.14
4 verbose stack Error: spawn man ENOENT
4 verbose stack     at exports._errnoException (util.js:742:11)
4 verbose stack     at Process.ChildProcess._handle.onexit (child_process.js:1038:32)
4 verbose stack     at child_process.js:1129:20
4 verbose stack     at process._tickCallback (node.js:372:11)
5 verbose cwd /site
6 error Linux 3.16.4-tinycore64
7 error argv "node" "/usr/local/bin/npm" "help" "folders"
8 error node v0.11.14
9 error npm  v2.1.3
10 error path man
11 error code ENOENT
12 error errno ENOENT
13 error syscall spawn man
14 error spawn man ENOENT
15 error If you need help, you may report this error at:
15 error     <http://github.com/npm/npm/issues>
16 verbose exit [ 1, true ]
